[debug] [2024-08-11T23:32:53.673Z] ----------------------------------------------------------------------
[debug] [2024-08-11T23:32:53.698Z] Command:       /usr/local/Cellar/node/22.6.0/bin/node /usr/local/bin/firebase projects:list
[debug] [2024-08-11T23:32:53.699Z] CLI Version:   13.15.1
[debug] [2024-08-11T23:32:53.699Z] Platform:      darwin
[debug] [2024-08-11T23:32:53.699Z] Node Version:  v22.6.0
[debug] [2024-08-11T23:32:53.700Z] Time:          Sun Aug 11 2024 19:32:53 GMT-0400 (Eastern Daylight Time)
[debug] [2024-08-11T23:32:53.701Z] ----------------------------------------------------------------------
[debug] 
[debug] [2024-08-11T23:32:53.737Z] > command requires scopes: ["email","openid","https://www.googleapis.com/auth/cloudplatformprojects.readonly","https://www.googleapis.com/auth/firebase","https://www.googleapis.com/auth/cloud-platform"]
[debug] [2024-08-11T23:32:53.738Z] > authorizing via signed-in user (caesarcd6@gmail.com)
[debug] [2024-08-11T23:32:53.755Z] > refreshing access token with scopes: []
[debug] [2024-08-11T23:32:53.758Z] >>> [apiv2][query] POST https://www.googleapis.com/oauth2/v3/token [none]
[debug] [2024-08-11T23:32:53.758Z] >>> [apiv2][body] POST https://www.googleapis.com/oauth2/v3/token [omitted]
[debug] [2024-08-11T23:32:54.776Z] <<< [apiv2][status] POST https://www.googleapis.com/oauth2/v3/token 400
[debug] [2024-08-11T23:32:54.776Z] <<< [apiv2][body] POST https://www.googleapis.com/oauth2/v3/token [omitted]
[debug] [2024-08-11T23:32:54.779Z] >>> [apiv2][query] GET https://firebase.googleapis.com/v1beta1/projects pageSize=1000
[debug] [2024-08-11T23:32:55.454Z] <<< [apiv2][status] GET https://firebase.googleapis.com/v1beta1/projects 401
[debug] [2024-08-11T23:32:55.454Z] <<< [apiv2][body] GET https://firebase.googleapis.com/v1beta1/projects [omitted]
[debug] [2024-08-11T23:32:55.456Z] HTTP Error: 401, Request had invalid authentication credentials. Expected OAuth 2 access token, login cookie or other valid authentication credential. See https://developers.google.com/identity/sign-in/web/devconsole-project.
[debug] [2024-08-11T23:32:55.618Z] FirebaseError: HTTP Error: 401, Request had invalid authentication credentials. Expected OAuth 2 access token, login cookie or other valid authentication credential. See https://developers.google.com/identity/sign-in/web/devconsole-project.
    at responseToError (/usr/local/lib/node_modules/firebase-tools/lib/responseToError.js:49:12)
    at RetryOperation._fn (/usr/local/lib/node_modules/firebase-tools/lib/apiv2.js:305:77)
    at process.processTicksAndRejections (node:internal/process/task_queues:95:5)
[error] 
[error] Error: Failed to list Firebase projects. See firebase-debug.log for more info.
